11:25:32.880 [main] INFO  o.l.s.e.App - service = config-manager
11:25:32.884 [main] INFO  o.l.s.e.App - command = C:\Users\ankumar\dev\wfosaas\code\saas-platform-ms-config-manager\impl\target\config-manager-impl-1.0.0-SNAPSHOT.jar
11:25:32.898 [main] INFO  o.l.s.e.App - started service config-manager
11:25:32.898 [main] INFO  o.l.s.e.App - service = notification-manager
11:25:32.898 [main] INFO  o.l.s.e.App - command = C:\Users\ankumar\dev\wfosaas\code\saas-platform-ms-notification-manager\impl\target\notification-manager-impl-1.0.0-SNAPSHOT.jar
11:25:32.906 [main] INFO  o.l.s.e.App - started service notification-manager
11:25:32.908 [main] INFO  o.l.s.e.App - service = product-catalog
11:25:32.908 [main] INFO  o.l.s.e.App - command = C:\Users\ankumar\dev\wfosaas\code\saas-platform-ms-product-catalog\impl\target\platform-service-product-catalog-impl-1.0.0-SNAPSHOT.jar
11:25:32.915 [main] INFO  o.l.s.e.App - started service product-catalog
11:25:32.915 [main] INFO  o.l.s.e.App - service = tenant-manager
11:25:32.915 [main] INFO  o.l.s.e.App - command = C:\Users\ankumar\dev\wfosaas\code\saas-platform-ms-tenant-manager\impl\target\platform-service-tenant-manager-impl-1.0.0-SNAPSHOT.jar
11:25:32.922 [main] INFO  o.l.s.e.App - started service tenant-manager
11:25:32.922 [main] INFO  o.l.s.e.App - service = user-manager
11:25:32.923 [main] INFO  o.l.s.e.App - command = C:\Users\ankumar\dev\wfosaas\code\saas-platform-ms-user-manager\impl\target\user-manager-impl-1.0.0-SNAPSHOT.jar
11:25:32.930 [main] INFO  o.l.s.e.App - started service user-manager
11:25:32.930 [main] INFO  o.l.s.e.App - service = authentication-manager
11:25:32.931 [main] INFO  o.l.s.e.App - command = C:\Users\ankumar\dev\wfosaas\code\saas-platform-ms-authentication-manager\impl\target\authentication-manager-impl-1.0.0-SNAPSHOT.jar
11:25:32.938 [main] INFO  o.l.s.e.App - started service authentication-manager
11:25:32.938 [main] INFO  o.l.s.e.App - service = authorization-manager
11:25:32.938 [main] INFO  o.l.s.e.App - command = C:\Users\ankumar\dev\wfosaas\code\saas-platform-ms-authorization-manager\impl\target\platform-service-authorization-manager-impl-1.0.0-SNAPSHOT.jar
11:25:32.946 [main] INFO  o.l.s.e.App - started service authorization-manager
11:25:32.946 [main] INFO  o.l.s.e.App - service = wfo-user-manager
11:25:32.946 [main] INFO  o.l.s.e.App - command = C:\Users\ankumar\dev\wfosaas\code\saas-wfo-ms-user-manager\impl\target\wfo-service-user-manager-impl-1.0.0-SNAPSHOT.jar
11:25:32.953 [main] INFO  o.l.s.e.App - started service wfo-user-manager
